The system is: Darwin - 12.2.0 - i386
Compiling the C compiler identification source file "CMakeCCompilerId.c" succeeded.
Compiler: /usr/bin/gcc 
Build flags: 
Id flags: 

The output was:
0


Compilation of the C compiler identification source "CMakeCCompilerId.c" produced "a.out"

The C compiler identification is GNU, found in "/Users/MarinusKlaassen/Library/Application Support/SuperCollider/Extensions/AC-Mlib/demand/Dother/CMakeFiles/CompilerIdC/a.out"

Compiling the CXX compiler identification source file "CMakeCXXCompilerId.cpp" succeeded.
Compiler: /usr/bin/c++ 
Build flags: 
Id flags: 

The output was:
0


Compilation of the CXX compiler identification source "CMakeCXXCompilerId.cpp" produced "a.out"

The CXX compiler identification is Clang, found in "/Users/MarinusKlaassen/Library/Application Support/SuperCollider/Extensions/AC-Mlib/demand/Dother/CMakeFiles/CompilerIdCXX/a.out"

Determining if the C compiler works passed with the following output:
Change Dir: /Users/MarinusKlaassen/Library/Application Support/SuperCollider/Extensions/AC-Mlib/demand/Dother/CMakeFiles/CMakeTmp

Run Build Command:/usr/bin/make "cmTryCompileExec3941920655/fast"
/usr/bin/make -f CMakeFiles/cmTryCompileExec3941920655.dir/build.make CMakeFiles/cmTryCompileExec3941920655.dir/build
/usr/local/Cellar/cmake/2.8.8/bin/cmake -E cmake_progress_report "/Users/MarinusKlaassen/Library/Application Support/SuperCollider/Extensions/AC-Mlib/demand/Dother/CMakeFiles/CMakeTmp/CMakeFiles" 1
Building C object CMakeFiles/cmTryCompileExec3941920655.dir/testCCompiler.c.o
/usr/bin/gcc    -o CMakeFiles/cmTryCompileExec3941920655.dir/testCCompiler.c.o   -c "/Users/MarinusKlaassen/Library/Application Support/SuperCollider/Extensions/AC-Mlib/demand/Dother/CMakeFiles/CMakeTmp/testCCompiler.c"
Linking C executable cmTryCompileExec3941920655
/usr/local/Cellar/cmake/2.8.8/bin/cmake -E cmake_link_script CMakeFiles/cmTryCompileExec3941920655.dir/link.txt --verbose=1
/usr/bin/gcc      -Wl,-search_paths_first -Wl,-headerpad_max_install_names   CMakeFiles/cmTryCompileExec3941920655.dir/testCCompiler.c.o  -o cmTryCompileExec3941920655  


Detecting C compiler ABI info compiled with the following output:
Change Dir: /Users/MarinusKlaassen/Library/Application Support/SuperCollider/Extensions/AC-Mlib/demand/Dother/CMakeFiles/CMakeTmp

Run Build Command:/usr/bin/make "cmTryCompileExec3818280472/fast"
/usr/bin/make -f CMakeFiles/cmTryCompileExec3818280472.dir/build.make CMakeFiles/cmTryCompileExec3818280472.dir/build
/usr/local/Cellar/cmake/2.8.8/bin/cmake -E cmake_progress_report "/Users/MarinusKlaassen/Library/Application Support/SuperCollider/Extensions/AC-Mlib/demand/Dother/CMakeFiles/CMakeTmp/CMakeFiles" 1
Building C object CMakeFiles/cmTryCompileExec3818280472.dir/CMakeCCompilerABI.c.o
/usr/bin/gcc   -arch i386 -arch x86_64 -isysroot /Applications/Xcode.app/Contents/Developer/Platforms/MacOSX.platform/Developer/SDKs/MacOSX10.8.sdk   -o CMakeFiles/cmTryCompileExec3818280472.dir/CMakeCCompilerABI.c.o   -c /usr/local/Cellar/cmake/2.8.8/share/cmake/Modules/CMakeCCompilerABI.c
Linking C executable cmTryCompileExec3818280472
/usr/local/Cellar/cmake/2.8.8/bin/cmake -E cmake_link_script CMakeFiles/cmTryCompileExec3818280472.dir/link.txt --verbose=1
/usr/bin/gcc      -arch i386 -arch x86_64 -isysroot /Applications/Xcode.app/Contents/Developer/Platforms/MacOSX.platform/Developer/SDKs/MacOSX10.8.sdk -Wl,-search_paths_first -Wl,-headerpad_max_install_names -v CMakeFiles/cmTryCompileExec3818280472.dir/CMakeCCompilerABI.c.o  -o cmTryCompileExec3818280472   
Using built-in specs.
Target: i686-apple-darwin11
Configured with: /private/var/tmp/llvmgcc42/llvmgcc42-2336.11~67/src/configure --disable-checking --enable-werror --prefix=/Applications/Xcode.app/Contents/Developer/usr/llvm-gcc-4.2 --mandir=/share/man --enable-languages=c,objc,c++,obj-c++ --program-prefix=llvm- --program-transform-name=/^[cg][^.-]*$/s/$/-4.2/ --with-slibdir=/usr/lib --build=i686-apple-darwin11 --enable-llvm=/private/var/tmp/llvmgcc42/llvmgcc42-2336.11~67/dst-llvmCore/Developer/usr/local --program-prefix=i686-apple-darwin11- --host=x86_64-apple-darwin11 --target=i686-apple-darwin11 --with-gxx-include-dir=/usr/include/c++/4.2.1
Thread model: posix
gcc version 4.2.1 (Based on Apple Inc. build 5658) (LLVM build 2336.11.00)
 /usr/llvm-gcc-4.2/bin/../libexec/gcc/i686-apple-darwin11/4.2.1/collect2 -dynamic -arch i386 -macosx_version_min 10.8.2 -syslibroot /Applications/Xcode.app/Contents/Developer/Platforms/MacOSX.platform/Developer/SDKs/MacOSX10.8.sdk -arch_multiple -weak_reference_mismatches non-weak -o /var/folders/vd/yzlrhbw141vd3m5302pzpt_r0000gn/T//cciItafU.out -lcrt1.10.6.o -L/Applications/Xcode.app/Contents/Developer/Platforms/MacOSX.platform/Developer/SDKs/MacOSX10.8.sdk/usr/lib -L/usr/llvm-gcc-4.2/bin/../lib/gcc/i686-apple-darwin11/4.2.1 -L/usr/llvm-gcc-4.2/bin/../lib/gcc -L/Applications/Xcode.app/Contents/Developer/usr/llvm-gcc-4.2/lib/gcc/i686-apple-darwin11/4.2.1 -L/usr/llvm-gcc-4.2/bin/../lib/gcc/i686-apple-darwin11/4.2.1/../../.. -search_paths_first -headerpad_max_install_names CMakeFiles/cmTryCompileExec3818280472.dir/CMakeCCompilerABI.c.o -final_output cmTryCompileExec3818280472 -lSystem -lgcc -lSystem
Using built-in specs.
Target: i686-apple-darwin11
Configured with: /private/var/tmp/llvmgcc42/llvmgcc42-2336.11~67/src/configure --disable-checking --enable-werror --prefix=/Applications/Xcode.app/Contents/Developer/usr/llvm-gcc-4.2 --mandir=/share/man --enable-languages=c,objc,c++,obj-c++ --program-prefix=llvm- --program-transform-name=/^[cg][^.-]*$/s/$/-4.2/ --with-slibdir=/usr/lib --build=i686-apple-darwin11 --enable-llvm=/private/var/tmp/llvmgcc42/llvmgcc42-2336.11~67/dst-llvmCore/Developer/usr/local --program-prefix=i686-apple-darwin11- --host=x86_64-apple-darwin11 --target=i686-apple-darwin11 --with-gxx-include-dir=/usr/include/c++/4.2.1
Thread model: posix
gcc version 4.2.1 (Based on Apple Inc. build 5658) (LLVM build 2336.11.00)
 /usr/llvm-gcc-4.2/bin/../libexec/gcc/i686-apple-darwin11/4.2.1/collect2 -dynamic -arch x86_64 -macosx_version_min 10.8.2 -syslibroot /Applications/Xcode.app/Contents/Developer/Platforms/MacOSX.platform/Developer/SDKs/MacOSX10.8.sdk -arch_multiple -weak_reference_mismatches non-weak -o /var/folders/vd/yzlrhbw141vd3m5302pzpt_r0000gn/T//cc1v6V36.out -lcrt1.10.6.o -L/usr/llvm-gcc-4.2/bin/../lib/gcc/i686-apple-darwin11/4.2.1/x86_64 -L/Applications/Xcode.app/Contents/Developer/usr/llvm-gcc-4.2/lib/gcc/i686-apple-darwin11/4.2.1/x86_64 -L/Applications/Xcode.app/Contents/Developer/Platforms/MacOSX.platform/Developer/SDKs/MacOSX10.8.sdk/usr/lib -L/usr/llvm-gcc-4.2/bin/../lib/gcc/i686-apple-darwin11/4.2.1 -L/usr/llvm-gcc-4.2/bin/../lib/gcc -L/Applications/Xcode.app/Contents/Developer/usr/llvm-gcc-4.2/lib/gcc/i686-apple-darwin11/4.2.1 -L/usr/llvm-gcc-4.2/bin/../lib/gcc/i686-apple-darwin11/4.2.1/../../.. -search_paths_first -headerpad_max_install_names CMakeFiles/cmTryCompileExec3818280472.dir/CMakeCCompilerABI.c.o -final_output cmTryCompileExec3818280472 -lSystem -lgcc -lSystem
lipo -create -o cmTryCompileExec3818280472 /var/folders/vd/yzlrhbw141vd3m5302pzpt_r0000gn/T//cciItafU.out /var/folders/vd/yzlrhbw141vd3m5302pzpt_r0000gn/T//cc1v6V36.out 


Determining if the CXX compiler works passed with the following output:
Change Dir: /Users/MarinusKlaassen/Library/Application Support/SuperCollider/Extensions/AC-Mlib/demand/Dother/CMakeFiles/CMakeTmp

Run Build Command:/usr/bin/make "cmTryCompileExec1936501860/fast"
/usr/bin/make -f CMakeFiles/cmTryCompileExec1936501860.dir/build.make CMakeFiles/cmTryCompileExec1936501860.dir/build
/usr/local/Cellar/cmake/2.8.8/bin/cmake -E cmake_progress_report "/Users/MarinusKlaassen/Library/Application Support/SuperCollider/Extensions/AC-Mlib/demand/Dother/CMakeFiles/CMakeTmp/CMakeFiles" 1
Building CXX object CMakeFiles/cmTryCompileExec1936501860.dir/testCXXCompiler.cxx.o
/usr/bin/c++     -o CMakeFiles/cmTryCompileExec1936501860.dir/testCXXCompiler.cxx.o -c "/Users/MarinusKlaassen/Library/Application Support/SuperCollider/Extensions/AC-Mlib/demand/Dother/CMakeFiles/CMakeTmp/testCXXCompiler.cxx"
Linking CXX executable cmTryCompileExec1936501860
/usr/local/Cellar/cmake/2.8.8/bin/cmake -E cmake_link_script CMakeFiles/cmTryCompileExec1936501860.dir/link.txt --verbose=1
/usr/bin/c++       -Wl,-search_paths_first -Wl,-headerpad_max_install_names   CMakeFiles/cmTryCompileExec1936501860.dir/testCXXCompiler.cxx.o  -o cmTryCompileExec1936501860  


Detecting CXX compiler ABI info compiled with the following output:
Change Dir: /Users/MarinusKlaassen/Library/Application Support/SuperCollider/Extensions/AC-Mlib/demand/Dother/CMakeFiles/CMakeTmp

Run Build Command:/usr/bin/make "cmTryCompileExec54937933/fast"
/usr/bin/make -f CMakeFiles/cmTryCompileExec54937933.dir/build.make CMakeFiles/cmTryCompileExec54937933.dir/build
/usr/local/Cellar/cmake/2.8.8/bin/cmake -E cmake_progress_report "/Users/MarinusKlaassen/Library/Application Support/SuperCollider/Extensions/AC-Mlib/demand/Dother/CMakeFiles/CMakeTmp/CMakeFiles" 1
Building CXX object CMakeFiles/cmTryCompileExec54937933.dir/CMakeCXXCompilerABI.cpp.o
/usr/bin/c++    -arch i386 -arch x86_64   -o CMakeFiles/cmTryCompileExec54937933.dir/CMakeCXXCompilerABI.cpp.o -c /usr/local/Cellar/cmake/2.8.8/share/cmake/Modules/CMakeCXXCompilerABI.cpp
Linking CXX executable cmTryCompileExec54937933
/usr/local/Cellar/cmake/2.8.8/bin/cmake -E cmake_link_script CMakeFiles/cmTryCompileExec54937933.dir/link.txt --verbose=1
/usr/bin/c++       -arch i386 -arch x86_64 -Wl,-search_paths_first -Wl,-headerpad_max_install_names -v CMakeFiles/cmTryCompileExec54937933.dir/CMakeCXXCompilerABI.cpp.o  -o cmTryCompileExec54937933   
Apple clang version 4.1 (tags/Apple/clang-421.11.65) (based on LLVM 3.1svn)
Target: x86_64-apple-darwin12.2.0
Thread model: posix
 "/usr/bin/ld" -demangle -dynamic -arch i386 -macosx_version_min 10.8.0 -o /var/folders/vd/yzlrhbw141vd3m5302pzpt_r0000gn/T//u9zQLO.out -search_paths_first -headerpad_max_install_names CMakeFiles/cmTryCompileExec54937933.dir/CMakeCXXCompilerABI.cpp.o -arch_multiple -final_output cmTryCompileExec54937933 -lstdc++ -lSystem /usr/bin/../lib/clang/4.1/lib/darwin/libclang_rt.eprintf.a /usr/bin/../lib/clang/4.1/lib/darwin/libclang_rt.osx.a
 "/usr/bin/ld" -demangle -dynamic -arch x86_64 -macosx_version_min 10.8.0 -o /var/folders/vd/yzlrhbw141vd3m5302pzpt_r0000gn/T//W6FWmd.out -search_paths_first -headerpad_max_install_names CMakeFiles/cmTryCompileExec54937933.dir/CMakeCXXCompilerABI.cpp.o -arch_multiple -final_output cmTryCompileExec54937933 -lstdc++ -lSystem /usr/bin/../lib/clang/4.1/lib/darwin/libclang_rt.osx.a
 "/usr/bin/lipo" -create -output cmTryCompileExec54937933 /var/folders/vd/yzlrhbw141vd3m5302pzpt_r0000gn/T//u9zQLO.out /var/folders/vd/yzlrhbw141vd3m5302pzpt_r0000gn/T//W6FWmd.out


